#
# A fatal error has been detected by the Java Runtime Environment:
#
#  EXCEPTION_ACCESS_VIOLATION (0xc0000005) at pc=0x00007ffa4fb242b7, pid=14980, tid=10124
#
# JRE version: Java(TM) SE Runtime Environment 18.9 (11.0.7+8) (build 11.0.7+8-LTS)
# Java VM: Java HotSpot(TM) 64-Bit Server VM 18.9 (11.0.7+8-LTS, mixed mode, tiered, compressed oops, g1 gc, windows-amd64)
# Problematic frame:
# C  [profilerinterface.dll+0x42b7]
#
# No core dump will be written. Minidumps are not enabled by default on client versions of Windows
#
# If you would like to submit a bug report, please visit:
#   https://bugreport.java.com/bugreport/crash.jsp
# The crash happened outside the Java Virtual Machine in native code.
# See problematic frame for where to report the bug.
#

---------------  S U M M A R Y ------------

Command Line: -XX:TieredStopAtLevel=1 -Xverify:none -Dspring.output.ansi.enabled=always -javaagent:C:\Program Files\JetBrains\IntelliJ IDEA 2021.1.2\lib\idea_rt.jar=56619:C:\Program Files\JetBrains\IntelliJ IDEA 2021.1.2\bin -Dcom.sun.management.jmxremote -Dspring.jmx.enabled=true -Dspring.liveBeansView.mbeanDomain -Dspring.application.admin.enabled=true -Dfile.encoding=UTF-8 com.uas.api.ApiApplication

Host: Intel(R) Core(TM) i5-8400 CPU @ 2.80GHz, 6 cores, 7G,  Windows 10 , 64 bit Build 19041 (10.0.19041.1566)
Time: Wed Mar 30 14:19:03 2022 GMT Summer Time elapsed time: 5 seconds (0d 0h 0m 5s)

---------------  T H R E A D  ---------------

Current thread (0x00000248978b3800):  JavaThread "restartedMain" [_thread_in_native, id=10124, stack(0x000000bc86800000,0x000000bc86900000)]

Stack: [0x000000bc86800000,0x000000bc86900000],  sp=0x000000bc868fb1a0,  free space=1004k
Native frames: (J=compiled Java code, j=interpreted, Vv=VM code, C=native code)
C  [profilerinterface.dll+0x42b7]

Java frames: (J=compiled Java code, j=interpreted, Vv=VM code)
J 1497  java.lang.ClassLoader.defineClass1(Ljava/lang/ClassLoader;Ljava/lang/String;[BIILjava/security/ProtectionDomain;Ljava/lang/String;)Ljava/lang/Class; java.base@11.0.7 (0 bytes) @ 0x00000248808d857b [0x00000248808d84c0+0x00000000000000bb]
J 1496 c1 java.lang.ClassLoader.defineClass(Ljava/lang/String;[BIILjava/security/ProtectionDomain;)Ljava/lang/Class; java.base@11.0.7 (43 bytes) @ 0x00000248808dc25c [0x00000248808dc160+0x00000000000000fc]
J 1289 c1 jdk.internal.loader.BuiltinClassLoader.defineClass(Ljava/lang/String;Ljdk/internal/loader/Resource;)Ljava/lang/Class; java.base@11.0.7 (121 bytes) @ 0x0000024880887a64 [0x0000024880887520+0x0000000000000544]
J 1425 c1 jdk.internal.loader.BuiltinClassLoader.findClassOnClassPathOrNull(Ljava/lang/String;)Ljava/lang/Class; java.base@11.0.7 (64 bytes) @ 0x00000248808c4144 [0x00000248808c4080+0x00000000000000c4]
J 1153 c1 jdk.internal.loader.BuiltinClassLoader.loadClassOrNull(Ljava/lang/String;Z)Ljava/lang/Class; java.base@11.0.7 (143 bytes) @ 0x000002488085012c [0x000002488084fc80+0x00000000000004ac]
J 1236 c1 jdk.internal.loader.ClassLoaders$AppClassLoader.loadClass(Ljava/lang/String;Z)Ljava/lang/Class; java.base@11.0.7 (40 bytes) @ 0x0000024880871644 [0x0000024880871500+0x0000000000000144]
J 1233 c1 java.lang.ClassLoader.loadClass(Ljava/lang/String;)Ljava/lang/Class; java.base@11.0.7 (7 bytes) @ 0x0000024880870984 [0x0000024880870940+0x0000000000000044]
v  ~StubRoutines::call_stub
j  org.springframework.security.web.authentication.SimpleUrlAuthenticationFailureHandler.<init>()V+26
j  org.springframework.security.web.session.SessionManagementFilter.<init>(Lorg/springframework/security/web/context/SecurityContextRepository;Lorg/springframework/security/web/authentication/session/SessionAuthenticationStrategy;)V+25
j  org.springframework.security.config.annotation.web.configurers.SessionManagementConfigurer.configure(Lorg/springframework/security/config/annotation/web/HttpSecurityBuilder;)V+22
j  org.springframework.security.config.annotation.web.configurers.SessionManagementConfigurer.configure(Lorg/springframework/security/config/annotation/SecurityBuilder;)V+5
j  org.springframework.security.config.annotation.AbstractConfiguredSecurityBuilder.configure()V+33
j  org.springframework.security.config.annotation.AbstractConfiguredSecurityBuilder.doBuild()Ljava/lang/Object;+34
j  org.springframework.security.config.annotation.AbstractSecurityBuilder.build()Ljava/lang/Object;+14
j  org.springframework.security.config.annotation.web.builders.WebSecurity.performBuild()Ljavax/servlet/Filter;+140
j  org.springframework.security.config.annotation.web.builders.WebSecurity.performBuild()Ljava/lang/Object;+1
j  org.springframework.security.config.annotation.AbstractConfiguredSecurityBuilder.doBuild()Ljava/lang/Object;+45
j  org.springframework.security.config.annotation.AbstractSecurityBuilder.build()Ljava/lang/Object;+14
j  org.springframework.security.config.annotation.web.configuration.WebSecurityConfiguration.springSecurityFilterChain()Ljavax/servlet/Filter;+258
v  ~StubRoutines::call_stub
J 3017  jdk.internal.reflect.NativeMethodAccessorImpl.invoke0(Ljava/lang/reflect/Method;Ljava/lang/Object;[Ljava/lang/Object;)Ljava/lang/Object; java.base@11.0.7 (0 bytes) @ 0x0000024880b51e3f [0x0000024880b51dc0+0x000000000000007f]
J 2672 c1 jdk.internal.reflect.NativeMethodAccessorImpl.invoke(Ljava/lang/Object;[Ljava/lang/Object;)Ljava/lang/Object; java.base@11.0.7 (104 bytes) @ 0x0000024880abe47c [0x0000024880abe120+0x000000000000035c]
J 2608 c1 jdk.internal.reflect.DelegatingMethodAccessorImpl.invoke(Ljava/lang/Object;[Ljava/lang/Object;)Ljava/lang/Object; java.base@11.0.7 (10 bytes) @ 0x0000024880a9dc04 [0x0000024880a9dbc0+0x0000000000000044]
J 2618 c1 java.lang.reflect.Method.invoke(Ljava/lang/Object;[Ljava/lang/Object;)Ljava/lang/Object; java.base@11.0.7 (65 bytes) @ 0x0000024880aa13d4 [0x0000024880aa12e0+0x00000000000000f4]
j  org.springframework.beans.factory.support.SimpleInstantiationStrategy.instantiate(Lorg/springframework/beans/factory/support/RootBeanDefinition;Ljava/lang/String;Lorg/springframework/beans/factory/BeanFactory;Ljava/lang/Object;Ljava/lang/reflect/Method;[Ljava/lang/Object;)Ljava/lang/Object;+50
j  org.springframework.beans.factory.support.ConstructorResolver.instantiate(Ljava/lang/String;Lorg/springframework/beans/factory/support/RootBeanDefinition;Ljava/lang/Object;Ljava/lang/reflect/Method;[Ljava/lang/Object;)Ljava/lang/Object;+48
j  org.springframework.beans.factory.support.ConstructorResolver.instantiateUsingFactoryMethod(Ljava/lang/String;Lorg/springframework/beans/factory/support/RootBeanDefinition;[Ljava/lang/Object;)Lorg/springframework/beans/BeanWrapper;+486
j  org.springframework.beans.factory.support.AbstractAutowireCapableBeanFactory.instantiateUsingFactoryMethod(Ljava/lang/String;Lorg/springframework/beans/factory/support/RootBeanDefinition;[Ljava/lang/Object;)Lorg/springframework/beans/BeanWrapper;+11
j  org.springframework.beans.factory.support.AbstractAutowireCapableBeanFactory.createBeanInstance(Ljava/lang/String;Lorg/springframework/beans/factory/support/RootBeanDefinition;[Ljava/lang/Object;)Lorg/springframework/beans/BeanWrapper;+102
j  org.springframework.beans.factory.support.AbstractAutowireCapableBeanFactory.doCreateBean(Ljava/lang/String;Lorg/springframework/beans/factory/support/RootBeanDefinition;[Ljava/lang/Object;)Ljava/lang/Object;+34
j  org.springframework.beans.factory.support.AbstractAutowireCapableBeanFactory.createBean(Ljava/lang/String;Lorg/springframework/beans/factory/support/RootBeanDefinition;[Ljava/lang/Object;)Ljava/lang/Object;+169
j  org.springframework.beans.factory.support.AbstractBeanFactory.lambda$doGetBean$0(Ljava/lang/String;Lorg/springframework/beans/factory/support/RootBeanDefinition;[Ljava/lang/Object;)Ljava/lang/Object;+4
j  org.springframework.beans.factory.support.AbstractBeanFactory$$Lambda$319.getObject()Ljava/lang/Object;+16
j  org.springframework.beans.factory.support.DefaultSingletonBeanRegistry.getSingleton(Ljava/lang/String;Lorg/springframework/beans/factory/ObjectFactory;)Ljava/lang/Object;+132
J 3388 c1 org.springframework.beans.factory.support.AbstractBeanFactory.doGetBean(Ljava/lang/String;Ljava/lang/Class;[Ljava/lang/Object;Z)Ljava/lang/Object; (832 bytes) @ 0x0000024880be21dc [0x0000024880be1be0+0x00000000000005fc]
J 3388 c1 org.springframework.beans.factory.support.AbstractBeanFactory.doGetBean(Ljava/lang/String;Ljava/lang/Class;[Ljava/lang/Object;Z)Ljava/lang/Object; (832 bytes) @ 0x0000024880be208c [0x0000024880be1be0+0x00000000000004ac]
j  org.springframework.beans.factory.support.AbstractBeanFactory.getBean(Ljava/lang/String;)Ljava/lang/Object;+5
j  org.springframework.beans.factory.support.DefaultListableBeanFactory.preInstantiateSingletons()V+248
j  org.springframework.context.support.AbstractApplicationContext.finishBeanFactoryInitialization(Lorg/springframework/beans/factory/config/ConfigurableListableBeanFactory;)V+124
j  org.springframework.context.support.AbstractApplicationContext.refresh()V+86
j  org.springframework.boot.web.servlet.context.ServletWebServerApplicationContext.refresh()V+1
j  org.springframework.boot.SpringApplication.refresh(Lorg/springframework/context/ConfigurableApplicationContext;)V+1
j  org.springframework.boot.SpringApplication.refreshContext(Lorg/springframework/context/ConfigurableApplicationContext;)V+16
j  org.springframework.boot.SpringApplication.run([Ljava/lang/String;)Lorg/springframework/context/ConfigurableApplicationContext;+107
j  org.springframework.boot.SpringApplication.run([Ljava/lang/Class;[Ljava/lang/String;)Lorg/springframework/context/ConfigurableApplicationContext;+9
j  org.springframework.boot.SpringApplication.run(Ljava/lang/Class;[Ljava/lang/String;)Lorg/springframework/context/ConfigurableApplicationContext;+9
j  com.uas.api.ApiApplication.main([Ljava/lang/String;)V+3
v  ~StubRoutines::call_stub
j  jdk.internal.reflect.NativeMethodAccessorImpl.invoke0(Ljava/lang/reflect/Method;Ljava/lang/Object;[Ljava/lang/Object;)Ljava/lang/Object;+0 java.base@11.0.7
j  jdk.internal.reflect.NativeMethodAccessorImpl.invoke(Ljava/lang/Object;[Ljava/lang/Object;)Ljava/lang/Object;+100 java.base@11.0.7
j  jdk.internal.reflect.DelegatingMethodAccessorImpl.invoke(Ljava/lang/Object;[Ljava/lang/Object;)Ljava/lang/Object;+6 java.base@11.0.7
j  java.lang.reflect.Method.invoke(Ljava/lang/Object;[Ljava/lang/Object;)Ljava/lang/Object;+59 java.base@11.0.7
j  org.springframework.boot.devtools.restart.RestartLauncher.run()V+42
v  ~StubRoutines::call_stub

siginfo: EXCEPTION_ACCESS_VIOLATION (0xc0000005), reading address 0xffffffffffffffff


Register to memory mapping:

RIP=0x00007ffa4fb242b7 profilerinterface.dll
RAX=0x0 is NULL
RBX=0x0000024899025388 points into unknown readable memory: 30 13 d6 29 86 2e 01 08
RCX=0xffffffffffffffff is an unknown value
RDX=0x0000000000000001 is an unknown value
RSP=0x000000bc868fb1a0 is pointing into the stack for thread: 0x00000248978b3800
RBP=0x0000024899033450 points into unknown readable memory: 00 00 00 00 00 00 00 00
RSI=0x000000000000004f is an unknown value
RDI=0x08012e8629d61330 is an unknown value
R8 =0x0000000000001cb4 is an unknown value
R9 =0x08012e8629d61330 is an unknown value
R10=0x0000000000000e4f is an unknown value
R11=0x0000000000000e00 is an unknown value
R12=0x0000000000000013 is an unknown value
R13=0x00000248f5311e60 points into unknown readable memory: 00 00 00 00 36 0a 00 00
R14=0x000000005c2f7b00 is an unknown value
R15=0x000000005c2f7ba0 is an unknown value


Registers:
RAX=0x0000000000000000, RBX=0x0000024899025388, RCX=0xffffffffffffffff, RDX=0x0000000000000001
RSP=0x000000bc868fb1a0, RBP=0x0000024899033450, RSI=0x000000000000004f, RDI=0x08012e8629d61330
R8 =0x0000000000001cb4, R9 =0x08012e8629d61330, R10=0x0000000000000e4f, R11=0x0000000000000e00
R12=0x0000000000000013, R13=0x00000248f5311e60, R14=0x000000005c2f7b00, R15=0x000000005c2f7ba0
RIP=0x00007ffa4fb242b7, EFLAGS=0x0000000000010246

Top of Stack: (sp=0x000000bc868fb1a0)
0x000000bc868fb1a0:   0000000000000005 0000024896ca9f48
0x000000bc868fb1b0:   000000bc00000000 00007ffa14caa103
0x000000bc868fb1c0:   00000248f531cdf0 00000248978b3800
0x000000bc868fb1d0:   0000000000000000 000002489a7345a0
0x000000bc868fb1e0:   0000000000000b9c 0000024896ca9f48
0x000000bc868fb1f0:   0000024896ca9f48 0000024896ca9f48
0x000000bc868fb200:   00000248978b3b40 00000248978b3800
0x000000bc868fb210:   0000024896469a30 00007ffa4fb2507d
0x000000bc868fb220:   00000248f5311e60 00000248f531ce90
0x000000bc868fb230:   0000000000000027 00000248990252f0
0x000000bc868fb240:   000000bc868fb3f0 0000024896469a20
0x000000bc868fb250:   0000024896ca9f48 00007ffa4fb25442
0x000000bc868fb260:   0000024896469a30 00000248978b3800
0x000000bc868fb270:   00000248978b3b40 0000024896ca9f48
0x000000bc868fb280:   000002489aae52f0 0000024896469a30
0x000000bc868fb290:   0000024896ca9f50 00007ffa14df919d 

Instructions: (pc=0x00007ffa4fb242b7)
0x00007ffa4fb24297:   4d 2b fd 4c 8b ac 24 80 00 00 00 4c 8b 0b 4d 85
0x00007ffa4fb242a7:   c9 0f 84 c1 00 00 00 48 83 c9 ff 33 c0 49 8b f9
0x00007ffa4fb242b7:   f2 ae 45 33 d2 45 33 db 48 f7 d1 45 33 c0 33 d2
0x00007ffa4fb242c7:   48 83 e9 01 48 63 f9 48 83 ff 02 7c 26 48 8d 4f 


Stack slot to memory mapping:
stack at sp + 0 slots: 0x0000000000000005 is an unknown value
stack at sp + 1 slots: 0x0000024896ca9f48 points into unknown readable memory: 00 a6 50 81 00 00 00 00
stack at sp + 2 slots: 0x000000bc00000000 is an unknown value
stack at sp + 3 slots: 0x00007ffa14caa103 jvm.dll
stack at sp + 4 slots: 0x00000248f531cdf0 points into unknown readable memory: 00 00 00 00 00 00 00 00
stack at sp + 5 slots: 0x00000248978b3800 is a thread
stack at sp + 6 slots: 0x0 is NULL
stack at sp + 7 slots: 0x000002489a7345a0 points into unknown readable memory: a0 87 30 15 fa 7f 00 00


---------------  P R O C E S S  ---------------

Threads class SMR info:
_java_thread_list=0x000002489aa41a00, length=24, elements={
0x00000248f5239800, 0x00000248962e1800, 0x0000024895ab9800, 0x0000024895ac9000,
0x0000024895aca000, 0x0000024895acb000, 0x0000024896323800, 0x0000024895a41800,
0x0000024896a60000, 0x0000024896a60800, 0x0000024896c05800, 0x000002489788a000,
0x00000248978b3800, 0x0000024897c53000, 0x0000024897c7e000, 0x00000248984d8800,
0x000002489856f800, 0x000002489a2ba000, 0x000002489838a000, 0x0000024898388800,
0x000002489838b000, 0x0000024898386000, 0x0000024898389800, 0x0000024898387000
}

Java Threads: ( => current thread )
  0x00000248f5239800 JavaThread "main" [_thread_blocked, id=12868, stack(0x000000bc85200000,0x000000bc85300000)]
  0x00000248962e1800 JavaThread "Reference Handler" daemon [_thread_blocked, id=9360, stack(0x000000bc85900000,0x000000bc85a00000)]
  0x0000024895ab9800 JavaThread "Finalizer" daemon [_thread_blocked, id=3856, stack(0x000000bc85a00000,0x000000bc85b00000)]
  0x0000024895ac9000 JavaThread "Signal Dispatcher" daemon [_thread_blocked, id=13732, stack(0x000000bc85b00000,0x000000bc85c00000)]
  0x0000024895aca000 JavaThread "Attach Listener" daemon [_thread_in_native, id=7368, stack(0x000000bc85c00000,0x000000bc85d00000)]
  0x0000024895acb000 JavaThread "C1 CompilerThread0" daemon [_thread_blocked, id=2560, stack(0x000000bc85d00000,0x000000bc85e00000)]
  0x0000024896323800 JavaThread "Sweeper thread" daemon [_thread_blocked, id=8356, stack(0x000000bc85e00000,0x000000bc85f00000)]
  0x0000024895a41800 JavaThread "Common-Cleaner" daemon [_thread_blocked, id=11096, stack(0x000000bc85f00000,0x000000bc86000000)]
  0x0000024896a60000 JavaThread "Monitor Ctrl-Break" daemon [_thread_in_native, id=8980, stack(0x000000bc86000000,0x000000bc86100000)]
  0x0000024896a60800 JavaThread "Service Thread" daemon [_thread_blocked, id=14960, stack(0x000000bc86100000,0x000000bc86200000)]
  0x0000024896c05800 JavaThread "RMI TCP Accept-0" daemon [_thread_in_native, id=6008, stack(0x000000bc86200000,0x000000bc86300000)]
  0x000002489788a000 JavaThread "Thread-0" [_thread_blocked, id=3964, stack(0x000000bc86600000,0x000000bc86700000)]
=>0x00000248978b3800 JavaThread "restartedMain" [_thread_in_native, id=10124, stack(0x000000bc86800000,0x000000bc86900000)]
  0x0000024897c53000 JavaThread "RMI TCP Connection(1)-192.168.56.1" daemon [_thread_in_native, id=8348, stack(0x000000bc86d00000,0x000000bc86e00000)]
  0x0000024897c7e000 JavaThread "RMI Scheduler(0)" daemon [_thread_blocked, id=6040, stack(0x000000bc86e00000,0x000000bc86f00000)]
  0x00000248984d8800 JavaThread "mysql-cj-abandoned-connection-cleanup" daemon [_thread_blocked, id=10964, stack(0x000000bc86900000,0x000000bc86a00000)]
  0x000002489856f800 JavaThread "HikariPool-1 housekeeper" daemon [_thread_blocked, id=2080, stack(0x000000bc87000000,0x000000bc87100000)]
  0x000002489a2ba000 JavaThread "HikariPool-1 connection adder" daemon [_thread_blocked, id=1144, stack(0x000000bc87100000,0x000000bc87200000)]
  0x000002489838a000 JavaThread "RMI TCP Connection(2)-192.168.56.1" daemon [_thread_in_native, id=6644, stack(0x000000bc87200000,0x000000bc87300000)]
  0x0000024898388800 JavaThread "JMX server connection timeout 32" daemon [_thread_blocked, id=272, stack(0x000000bc87300000,0x000000bc87400000)]
  0x000002489838b000 JavaThread "Catalina-utility-1" [_thread_blocked, id=11124, stack(0x000000bc87400000,0x000000bc87500000)]
  0x0000024898386000 JavaThread "Catalina-utility-2" [_thread_blocked, id=9844, stack(0x000000bc87500000,0x000000bc87600000)]
  0x0000024898389800 JavaThread "container-0" [_thread_blocked, id=10872, stack(0x000000bc87600000,0x000000bc87700000)]
  0x0000024898387000 JavaThread "RMI TCP Connection(3)-192.168.56.1" daemon [_thread_in_native, id=10432, stack(0x000000bc87700000,0x000000bc87800000)]

Other Threads:
  0x0000024895a86000 VMThread "VM Thread" [stack: 0x000000bc85800000,0x000000bc85900000] [id=9056]
  0x0000024896bdc000 WatcherThread [stack: 0x000000bc86300000,0x000000bc86400000] [id=5996]
  0x00000248f524f000 GCTaskThread "GC Thread#0" [stack: 0x000000bc85300000,0x000000bc85400000] [id=12068]
  0x0000024896f95800 GCTaskThread "GC Thread#1" [stack: 0x000000bc86400000,0x000000bc86500000] [id=3240]
  0x0000024896f96000 GCTaskThread "GC Thread#2" [stack: 0x000000bc86500000,0x000000bc86600000] [id=11516]
  0x00000248978b2800 GCTaskThread "GC Thread#3" [stack: 0x000000bc86700000,0x000000bc86800000] [id=9612]
  0x0000024897baf800 GCTaskThread "GC Thread#4" [stack: 0x000000bc86a00000,0x000000bc86b00000] [id=8296]
  0x0000024897baa800 GCTaskThread "GC Thread#5" [stack: 0x000000bc86b00000,0x000000bc86c00000] [id=6320]
  0x00000248f5280800 ConcurrentGCThread "G1 Main Marker" [stack: 0x000000bc85400000,0x000000bc85500000] [id=15068]
  0x00000248f5282800 ConcurrentGCThread "G1 Conc#0" [stack: 0x000000bc85500000,0x000000bc85600000] [id=8816]
  0x0000024897c06000 ConcurrentGCThread "G1 Conc#1" [stack: 0x000000bc86c00000,0x000000bc86d00000] [id=9720]
  0x00000248f52fe800 ConcurrentGCThread "G1 Refine#0" [stack: 0x000000bc85600000,0x000000bc85700000] [id=9188]
  0x00000248958f2800 ConcurrentGCThread "G1 Young RemSet Sampling" [stack: 0x000000bc85700000,0x000000bc85800000] [id=13528]

Threads with active compile tasks:

VM state:not at safepoint (normal execution)

VM Mutex/Monitor currently owned by a thread: None

Heap address: 0x0000000081000000, size: 2032 MB, Compressed Oops mode: 32-bit
Narrow klass base: 0x0000000000000000, Narrow klass shift: 3
Compressed class space size: 1073741824 Address: 0x0000000100000000

Heap:
 garbage-first heap   total 189440K, used 36840K [0x0000000081000000, 0x0000000100000000)
  region size 1024K, 16 young (16384K), 9 survivors (9216K)
 Metaspace       used 64903K, capacity 67059K, committed 67228K, reserved 1107968K
  class space    used 8661K, capacity 9467K, committed 9548K, reserved 1048576K
Heap Regions: E=young(eden), S=young(survivor), O=old, HS=humongous(starts), HC=humongous(continues), CS=collection set, F=free, A=archive, TAMS=top-at-mark-start (previous, next)
|   0|0x0000000081000000, 0x0000000081100000, 0x0000000081100000|100%|HS|  |TAMS 0x0000000081100000, 0x0000000081000000| Complete 
|   1|0x0000000081100000, 0x0000000081200000, 0x0000000081200000|100%| O|  |TAMS 0x0000000081200000, 0x0000000081100000| Untracked 
|   2|0x0000000081200000, 0x0000000081300000, 0x0000000081300000|100%| O|  |TAMS 0x0000000081300000, 0x0000000081200000| Untracked 
|   3|0x0000000081300000, 0x0000000081400000, 0x0000000081400000|100%| O|  |TAMS 0x0000000081400000, 0x0000000081300000| Untracked 
|   4|0x0000000081400000, 0x0000000081500000, 0x0000000081500000|100%| O|  |TAMS 0x0000000081500000, 0x0000000081400000| Untracked 
|   5|0x0000000081500000, 0x0000000081600000, 0x0000000081600000|100%| O|  |TAMS 0x0000000081600000, 0x0000000081500000| Untracked 
|   6|0x0000000081600000, 0x0000000081700000, 0x0000000081700000|100%| O|  |TAMS 0x0000000081700000, 0x0000000081600000| Untracked 
|   7|0x0000000081700000, 0x0000000081800000, 0x0000000081800000|100%| O|  |TAMS 0x0000000081800000, 0x0000000081700000| Untracked 
|   8|0x0000000081800000, 0x0000000081900000, 0x0000000081900000|100%| O|  |TAMS 0x0000000081900000, 0x0000000081800000| Untracked 
|   9|0x0000000081900000, 0x0000000081a00000, 0x0000000081a00000|100%| O|  |TAMS 0x0000000081a00000, 0x0000000081900000| Untracked 
|  10|0x0000000081a00000, 0x0000000081b00000, 0x0000000081b00000|100%| O|  |TAMS 0x0000000081b00000, 0x0000000081a00000| Untracked 
|  11|0x0000000081b00000, 0x0000000081c00000, 0x0000000081c00000|100%| O|  |TAMS 0x0000000081c00000, 0x0000000081b00000| Untracked 
|  12|0x0000000081c00000, 0x0000000081d00000, 0x0000000081d00000|100%| O|  |TAMS 0x0000000081d00000, 0x0000000081c00000| Untracked 
|  13|0x0000000081d00000, 0x0000000081e00000, 0x0000000081e00000|100%| O|  |TAMS 0x0000000081e00000, 0x0000000081d00000| Untracked 
|  14|0x0000000081e00000, 0x0000000081f00000, 0x0000000081f00000|100%| O|  |TAMS 0x0000000081f00000, 0x0000000081e00000| Untracked 
|  15|0x0000000081f00000, 0x0000000082000000, 0x0000000082000000|100%| O|  |TAMS 0x0000000082000000, 0x0000000081f00000| Untracked 
|  16|0x0000000082000000, 0x0000000082100000, 0x0000000082100000|100%| O|  |TAMS 0x0000000082100000, 0x0000000082000000| Untracked 
|  17|0x0000000082100000, 0x0000000082200000, 0x0000000082200000|100%| O|  |TAMS 0x0000000082200000, 0x0000000082100000| Untracked 
|  18|0x0000000082200000, 0x0000000082300000, 0x0000000082300000|100%| O|  |TAMS 0x0000000082300000, 0x0000000082200000| Untracked 
|  19|0x0000000082300000, 0x0000000082400000, 0x0000000082400000|100%| O|  |TAMS 0x0000000082400000, 0x0000000082300000| Untracked 
|  20|0x0000000082400000, 0x00000000824fa200, 0x0000000082500000| 97%| O|  |TAMS 0x00000000824fa200, 0x0000000082400000| Untracked 
|  21|0x0000000082500000, 0x0000000082500000, 0x0000000082600000|  0%| F|  |TAMS 0x0000000082500000, 0x0000000082500000| Untracked 
|  22|0x0000000082600000, 0x0000000082600000, 0x0000000082700000|  0%| F|  |TAMS 0x0000000082600000, 0x0000000082600000| Untracked 
|  23|0x0000000082700000, 0x0000000082700000, 0x0000000082800000|  0%| F|  |TAMS 0x0000000082700000, 0x0000000082700000| Untracked 
|  24|0x0000000082800000, 0x0000000082800000, 0x0000000082900000|  0%| F|  |TAMS 0x0000000082800000, 0x0000000082800000| Untracked 
|  25|0x0000000082900000, 0x0000000082900000, 0x0000000082a00000|  0%| F|  |TAMS 0x0000000082900000, 0x0000000082900000| Untracked 
|  26|0x0000000082a00000, 0x0000000082a00000, 0x0000000082b00000|  0%| F|  |TAMS 0x0000000082a00000, 0x0000000082a00000| Untracked 
|  27|0x0000000082b00000, 0x0000000082b00000, 0x0000000082c00000|  0%| F|  |TAMS 0x0000000082b00000, 0x0000000082b00000| Untracked 
|  28|0x0000000082c00000, 0x0000000082c00000, 0x0000000082d00000|  0%| F|  |TAMS 0x0000000082c00000, 0x0000000082c00000| Untracked 
|  29|0x0000000082d00000, 0x0000000082d00000, 0x0000000082e00000|  0%| F|  |TAMS 0x0000000082d00000, 0x0000000082d00000| Untracked 
|  30|0x0000000082e00000, 0x0000000082e00000, 0x0000000082f00000|  0%| F|  |TAMS 0x0000000082e00000, 0x0000000082e00000| Untracked 
|  31|0x0000000082f00000, 0x0000000082f00000, 0x0000000083000000|  0%| F|  |TAMS 0x0000000082f00000, 0x0000000082f00000| Untracked 
|  32|0x0000000083000000, 0x0000000083000000, 0x0000000083100000|  0%| F|  |TAMS 0x0000000083000000, 0x0000000083000000| Untracked 
|  33|0x0000000083100000, 0x0000000083100000, 0x0000000083200000|  0%| F|  |TAMS 0x0000000083100000, 0x0000000083100000| Untracked 
|  34|0x0000000083200000, 0x0000000083200000, 0x0000000083300000|  0%| F|  |TAMS 0x0000000083200000, 0x0000000083200000| Untracked 
|  35|0x0000000083300000, 0x0000000083300000, 0x0000000083400000|  0%| F|  |TAMS 0x0000000083300000, 0x0000000083300000| Untracked 
|  36|0x0000000083400000, 0x0000000083400000, 0x0000000083500000|  0%| F|  |TAMS 0x0000000083400000, 0x0000000083400000| Untracked 
|  37|0x0000000083500000, 0x0000000083500000, 0x0000000083600000|  0%| F|  |TAMS 0x0000000083500000, 0x0000000083500000| Untracked 
|  38|0x0000000083600000, 0x0000000083600000, 0x0000000083700000|  0%| F|  |TAMS 0x0000000083600000, 0x0000000083600000| Untracked 
|  39|0x0000000083700000, 0x0000000083700000, 0x0000000083800000|  0%| F|  |TAMS 0x0000000083700000, 0x0000000083700000| Untracked 
|  40|0x0000000083800000, 0x0000000083800000, 0x0000000083900000|  0%| F|  |TAMS 0x0000000083800000, 0x0000000083800000| Untracked 
|  41|0x0000000083900000, 0x0000000083900000, 0x0000000083a00000|  0%| F|  |TAMS 0x0000000083900000, 0x0000000083900000| Untracked 
|  42|0x0000000083a00000, 0x0000000083a00000, 0x0000000083b00000|  0%| F|  |TAMS 0x0000000083a00000, 0x0000000083a00000| Untracked 
|  43|0x0000000083b00000, 0x0000000083b00000, 0x0000000083c00000|  0%| F|  |TAMS 0x0000000083b00000, 0x0000000083b00000| Untracked 
|  44|0x0000000083c00000, 0x0000000083c00000, 0x0000000083d00000|  0%| F|  |TAMS 0x0000000083c00000, 0x0000000083c00000| Untracked 
|  45|0x0000000083d00000, 0x0000000083d00000, 0x0000000083e00000|  0%| F|  |TAMS 0x0000000083d00000, 0x0000000083d00000| Untracked 
|  46|0x0000000083e00000, 0x0000000083e00000, 0x0000000083f00000|  0%| F|  |TAMS 0x0000000083e00000, 0x0000000083e00000| Untracked 
|  47|0x0000000083f00000, 0x0000000083f00000, 0x0000000084000000|  0%| F|  |TAMS 0x0000000083f00000, 0x0000000083f00000| Untracked 
|  48|0x0000000084000000, 0x0000000084000000, 0x0000000084100000|  0%| F|  |TAMS 0x0000000084000000, 0x0000000084000000| Untracked 
|  49|0x0000000084100000, 0x0000000084100000, 0x0000000084200000|  0%| F|  |TAMS 0x0000000084100000, 0x0000000084100000| Untracked 
|  50|0x0000000084200000, 0x0000000084200000, 0x0000000084300000|  0%| F|  |TAMS 0x0000000084200000, 0x0000000084200000| Untracked 
|  51|0x0000000084300000, 0x0000000084300000, 0x0000000084400000|  0%| F|  |TAMS 0x0000000084300000, 0x0000000084300000| Untracked 
|  52|0x0000000084400000, 0x0000000084400000, 0x0000000084500000|  0%| F|  |TAMS 0x0000000084400000, 0x0000000084400000| Untracked 
|  53|0x0000000084500000, 0x0000000084500000, 0x0000000084600000|  0%| F|  |TAMS 0x0000000084500000, 0x0000000084500000| Untracked 
|  54|0x0000000084600000, 0x0000000084600000, 0x0000000084700000|  0%| F|  |TAMS 0x0000000084600000, 0x0000000084600000| Untracked 
|  55|0x0000000084700000, 0x0000000084700000, 0x0000000084800000|  0%| F|  |TAMS 0x0000000084700000, 0x0000000084700000| Untracked 
|  56|0x0000000084800000, 0x0000000084800000, 0x0000000084900000|  0%| F|  |TAMS 0x0000000084800000, 0x0000000084800000| Untracked 
|  57|0x0000000084900000, 0x0000000084900000, 0x0000000084a00000|  0%| F|  |TAMS 0x0000000084900000, 0x0000000084900000| Untracked 
|  58|0x0000000084a00000, 0x0000000084b00000, 0x0000000084b00000|100%| S|CS|TAMS 0x0000000084a00000, 0x0000000084a00000| Complete 
|  59|0x0000000084b00000, 0x0000000084c00000, 0x0000000084c00000|100%| S|CS|TAMS 0x0000000084b00000, 0x0000000084b00000| Complete 
|  60|0x0000000084c00000, 0x0000000084d00000, 0x0000000084d00000|100%| S|CS|TAMS 0x0000000084c00000, 0x0000000084c00000| Complete 
|  61|0x0000000084d00000, 0x0000000084e00000, 0x0000000084e00000|100%| S|CS|TAMS 0x0000000084d00000, 0x0000000084d00000| Complete 
|  62|0x0000000084e00000, 0x0000000084e00000, 0x0000000084f00000|  0%| F|  |TAMS 0x0000000084e00000, 0x0000000084e00000| Untracked 
|  63|0x0000000084f00000, 0x0000000084f00000, 0x0000000085000000|  0%| F|  |TAMS 0x0000000084f00000, 0x0000000084f00000| Untracked 
|  64|0x0000000085000000, 0x0000000085000000, 0x0000000085100000|  0%| F|  |TAMS 0x0000000085000000, 0x0000000085000000| Untracked 
|  65|0x0000000085100000, 0x0000000085100000, 0x0000000085200000|  0%| F|  |TAMS 0x0000000085100000, 0x0000000085100000| Untracked 
|  66|0x0000000085200000, 0x0000000085200000, 0x0000000085300000|  0%| F|  |TAMS 0x0000000085200000, 0x0000000085200000| Untracked 
|  67|0x0000000085300000, 0x0000000085300000, 0x0000000085400000|  0%| F|  |TAMS 0x0000000085300000, 0x0000000085300000| Untracked 
|  68|0x0000000085400000, 0x0000000085400000, 0x0000000085500000|  0%| F|  |TAMS 0x0000000085400000, 0x0000000085400000| Untracked 
|  69|0x0000000085500000, 0x0000000085600000, 0x0000000085600000|100%| S|CS|TAMS 0x0000000085500000, 0x0000000085500000| Complete 
|  70|0x0000000085600000, 0x0000000085700000, 0x0000000085700000|100%| S|CS|TAMS 0x0000000085600000, 0x0000000085600000| Complete 
|  71|0x0000000085700000, 0x0000000085800000, 0x0000000085800000|100%| S|CS|TAMS 0x0000000085700000, 0x0000000085700000| Complete 
|  72|0x0000000085800000, 0x0000000085900000, 0x0000000085900000|100%| S|CS|TAMS 0x0000000085800000, 0x0000000085800000| Complete 
|  73|0x0000000085900000, 0x0000000085a00000, 0x0000000085a00000|100%| S|CS|TAMS 0x0000000085900000, 0x0000000085900000| Complete 
|  74|0x0000000085a00000, 0x0000000085a00000, 0x0000000085b00000|  0%| F|  |TAMS 0x0000000085a00000, 0x0000000085a00000| Untracked 
|  75|0x0000000085b00000, 0x0000000085b00000, 0x0000000085c00000|  0%| F|  |TAMS 0x0000000085b00000, 0x0000000085b00000| Untracked 
|  76|0x0000000085c00000, 0x0000000085c00000, 0x0000000085d00000|  0%| F|  |TAMS 0x0000000085c00000, 0x0000000085c00000| Untracked 
|  77|0x0000000085d00000, 0x0000000085d00000, 0x0000000085e00000|  0%| F|  |TAMS 0x0000000085d00000, 0x0000000085d00000| Untracked 
|  78|0x0000000085e00000, 0x0000000085e00000, 0x0000000085f00000|  0%| F|  |TAMS 0x0000000085e00000, 0x0000000085e00000| Untracked 
|  79|0x0000000085f00000, 0x0000000085f00000, 0x0000000086000000|  0%| F|  |TAMS 0x0000000085f00000, 0x0000000085f00000| Untracked 
|  80|0x0000000086000000, 0x0000000086000000, 0x0000000086100000|  0%| F|  |TAMS 0x0000000086000000, 0x0000000086000000| Untracked 
|  81|0x0000000086100000, 0x0000000086100000, 0x0000000086200000|  0%| F|  |TAMS 0x0000000086100000, 0x0000000086100000| Untracked 
|  82|0x0000000086200000, 0x0000000086200000, 0x0000000086300000|  0%| F|  |TAMS 0x0000000086200000, 0x0000000086200000| Untracked 
|  83|0x0000000086300000, 0x0000000086300000, 0x0000000086400000|  0%| F|  |TAMS 0x0000000086300000, 0x0000000086300000| Untracked 
|  84|0x0000000086400000, 0x0000000086400000, 0x0000000086500000|  0%| F|  |TAMS 0x0000000086400000, 0x0000000086400000| Untracked 
|  85|0x0000000086500000, 0x0000000086500000, 0x0000000086600000|  0%| F|  |TAMS 0x0000000086500000, 0x0000000086500000| Untracked 
|  86|0x0000000086600000, 0x0000000086600000, 0x0000000086700000|  0%| F|  |TAMS 0x0000000086600000, 0x0000000086600000| Untracked 
|  87|0x0000000086700000, 0x0000000086700000, 0x0000000086800000|  0%| F|  |TAMS 0x0000000086700000, 0x0000000086700000| Untracked 
|  88|0x0000000086800000, 0x0000000086800000, 0x0000000086900000|  0%| F|  |TAMS 0x0000000086800000, 0x0000000086800000| Untracked 
|  89|0x0000000086900000, 0x0000000086900000, 0x0000000086a00000|  0%| F|  |TAMS 0x0000000086900000, 0x0000000086900000| Untracked 
|  90|0x0000000086a00000, 0x0000000086a00000, 0x0000000086b00000|  0%| F|  |TAMS 0x0000000086a00000, 0x0000000086a00000| Untracked 
|  91|0x0000000086b00000, 0x0000000086b00000, 0x0000000086c00000|  0%| F|  |TAMS 0x0000000086b00000, 0x0000000086b00000| Untracked 
|  92|0x0000000086c00000, 0x0000000086c00000, 0x0000000086d00000|  0%| F|  |TAMS 0x0000000086c00000, 0x0000000086c00000| Untracked 
|  93|0x0000000086d00000, 0x0000000086d00000, 0x0000000086e00000|  0%| F|  |TAMS 0x0000000086d00000, 0x0000000086d00000| Untracked 
|  94|0x0000000086e00000, 0x0000000086e00000, 0x0000000086f00000|  0%| F|  |TAMS 0x0000000086e00000, 0x0000000086e00000| Untracked 
|  95|0x0000000086f00000, 0x0000000086f00000, 0x0000000087000000|  0%| F|  |TAMS 0x0000000086f00000, 0x0000000086f00000| Untracked 
|  96|0x0000000087000000, 0x0000000087000000, 0x0000000087100000|  0%| F|  |TAMS 0x0000000087000000, 0x0000000087000000| Untracked 
|  97|0x0000000087100000, 0x0000000087100000, 0x0000000087200000|  0%| F|  |TAMS 0x0000000087100000, 0x0000000087100000| Untracked 
|  98|0x0000000087200000, 0x0000000087200000, 0x0000000087300000|  0%| F|  |TAMS 0x0000000087200000, 0x0000000087200000| Untracked 
|  99|0x0000000087300000, 0x0000000087300000, 0x0000000087400000|  0%| F|  |TAMS 0x0000000087300000, 0x0000000087300000| Untracked 
| 100|0x0000000087400000, 0x0000000087400000, 0x0000000087500000|  0%| F|  |TAMS 0x0000000087400000, 0x0000000087400000| Untracked 
| 101|0x0000000087500000, 0x0000000087500000, 0x0000000087600000|  0%| F|  |TAMS 0x0000000087500000, 0x0000000087500000| Untracked 
| 102|0x0000000087600000, 0x0000000087600000, 0x0000000087700000|  0%| F|  |TAMS 0x0000000087600000, 0x0000000087600000| Untracked 
| 103|0x0000000087700000, 0x0000000087700000, 0x0000000087800000|  0%| F|  |TAMS 0x0000000087700000, 0x0000000087700000| Untracked 
| 104|0x0000000087800000, 0x0000000087800000, 0x0000000087900000|  0%| F|  |TAMS 0x0000000087800000, 0x0000000087800000| Untracked 
| 105|0x0000000087900000, 0x0000000087900000, 0x0000000087a00000|  0%| F|  |TAMS 0x0000000087900000, 0x0000000087900000| Untracked 
| 106|0x0000000087a00000, 0x0000000087a00000, 0x0000000087b00000|  0%| F|  |TAMS 0x0000000087a00000, 0x0000000087a00000| Untracked 
| 107|0x0000000087b00000, 0x0000000087b00000, 0x0000000087c00000|  0%| F|  |TAMS 0x0000000087b00000, 0x0000000087b00000| Untracked 
| 108|0x0000000087c00000, 0x0000000087c00000, 0x0000000087d00000|  0%| F|  |TAMS 0x0000000087c00000, 0x0000000087c00000| Untracked 
| 109|0x0000000087d00000, 0x0000000087d00000, 0x0000000087e00000|  0%| F|  |TAMS 0x0000000087d00000, 0x0000000087d00000| Untracked 
| 110|0x0000000087e00000, 0x0000000087e00000, 0x0000000087f00000|  0%| F|  |TAMS 0x0000000087e00000, 0x0000000087e00000| Untracked 
| 111|0x0000000087f00000, 0x0000000087f00000, 0x0000000088000000|  0%| F|  |TAMS 0x0000000087f00000, 0x0000000087f00000| Untracked 
| 112|0x0000000088000000, 0x0000000088000000, 0x0000000088100000|  0%| F|  |TAMS 0x0000000088000000, 0x0000000088000000| Untracked 
| 113|0x0000000088100000, 0x0000000088100000, 0x0000000088200000|  0%| F|  |TAMS 0x0000000088100000, 0x0000000088100000| Untracked 
| 114|0x0000000088200000, 0x0000000088200000, 0x0000000088300000|  0%| F|  |TAMS 0x0000000088200000, 0x0000000088200000| Untracked 
| 115|0x0000000088300000, 0x0000000088300000, 0x0000000088400000|  0%| F|  |TAMS 0x0000000088300000, 0x0000000088300000| Untracked 
| 116|0x0000000088400000, 0x0000000088400000, 0x0000000088500000|  0%| F|  |TAMS 0x0000000088400000, 0x0000000088400000| Untracked 
| 117|0x0000000088500000, 0x0000000088500000, 0x0000000088600000|  0%| F|  |TAMS 0x0000000088500000, 0x0000000088500000| Untracked 
| 118|0x0000000088600000, 0x0000000088600000, 0x0000000088700000|  0%| F|  |TAMS 0x0000000088600000, 0x0000000088600000| Untracked 
| 119|0x0000000088700000, 0x0000000088700000, 0x0000000088800000|  0%| F|  |TAMS 0x0000000088700000, 0x0000000088700000| Untracked 
| 120|0x0000000088800000, 0x0000000088800000, 0x0000000088900000|  0%| F|  |TAMS 0x0000000088800000, 0x0000000088800000| Untracked 
| 121|0x0000000088900000, 0x0000000088900000, 0x0000000088a00000|  0%| F|  |TAMS 0x0000000088900000, 0x0000000088900000| Untracked 
| 122|0x0000000088a00000, 0x0000000088a00000, 0x0000000088b00000|  0%| F|  |TAMS 0x0000000088a00000, 0x0000000088a00000| Untracked 
| 123|0x0000000088b00000, 0x0000000088b00000, 0x0000000088c00000|  0%| F|  |TAMS 0x0000000088b00000, 0x0000000088b00000| Untracked 
| 124|0x0000000088c00000, 0x0000000088c00000, 0x0000000088d00000|  0%| F|  |TAMS 0x0000000088c00000, 0x0000000088c00000| Untracked 
| 125|0x0000000088d00000, 0x0000000088d00000, 0x0000000088e00000|  0%| F|  |TAMS 0x0000000088d00000, 0x0000000088d00000| Untracked 
| 126|0x0000000088e00000, 0x0000000088e00000, 0x0000000088f00000|  0%| F|  |TAMS 0x0000000088e00000, 0x0000000088e00000| Untracked 
| 127|0x0000000088f00000, 0x0000000088f00000, 0x0000000089000000|  0%| F|  |TAMS 0x0000000088f00000, 0x0000000088f00000| Untracked 
| 128|0x0000000089000000, 0x0000000089000000, 0x0000000089100000|  0%| F|  |TAMS 0x0000000089000000, 0x0000000089000000| Untracked 
| 129|0x0000000089100000, 0x0000000089100000, 0x0000000089200000|  0%| F|  |TAMS 0x0000000089100000, 0x0000000089100000| Untracked 
| 130|0x0000000089200000, 0x0000000089200000, 0x0000000089300000|  0%| F|  |TAMS 0x0000000089200000, 0x0000000089200000| Untracked 
| 131|0x0000000089300000, 0x0000000089300000, 0x0000000089400000|  0%| F|  |TAMS 0x0000000089300000, 0x0000000089300000| Untracked 
| 132|0x0000000089400000, 0x0000000089400000, 0x0000000089500000|  0%| F|  |TAMS 0x0000000089400000, 0x0000000089400000| Untracked 
| 133|0x0000000089500000, 0x0000000089500000, 0x0000000089600000|  0%| F|  |TAMS 0x0000000089500000, 0x0000000089500000| Untracked 
| 134|0x0000000089600000, 0x0000000089600000, 0x0000000089700000|  0%| F|  |TAMS 0x0000000089600000, 0x0000000089600000| Untracked 
| 135|0x0000000089700000, 0x0000000089700000, 0x0000000089800000|  0%| F|  |TAMS 0x0000000089700000, 0x0000000089700000| Untracked 
| 136|0x0000000089800000, 0x0000000089800000, 0x0000000089900000|  0%| F|  |TAMS 0x0000000089800000, 0x0000000089800000| Untracked 
| 137|0x0000000089900000, 0x0000000089900000, 0x0000000089a00000|  0%| F|  |TAMS 0x0000000089900000, 0x0000000089900000| Untracked 
| 138|0x0000000089a00000, 0x0000000089a00000, 0x0000000089b00000|  0%| F|  |TAMS 0x0000000089a00000, 0x0000000089a00000| Untracked 
| 139|0x0000000089b00000, 0x0000000089b00000, 0x0000000089c00000|  0%| F|  |TAMS 0x0000000089b00000, 0x0000000089b00000| Untracked 
| 140|0x0000000089c00000, 0x0000000089c00000, 0x0000000089d00000|  0%| F|  |TAMS 0x0000000089c00000, 0x0000000089c00000| Untracked 
| 141|0x0000000089d00000, 0x0000000089d00000, 0x0000000089e00000|  0%| F|  |TAMS 0x0000000089d00000, 0x0000000089d00000| Untracked 
| 142|0x0000000089e00000, 0x0000000089e00000, 0x0000000089f00000|  0%| F|  |TAMS 0x0000000089e00000, 0x0000000089e00000| Untracked 
| 143|0x0000000089f00000, 0x0000000089f00000, 0x000000008a000000|  0%| F|  |TAMS 0x0000000089f00000, 0x0000000089f00000| Untracked 
| 144|0x000000008a000000, 0x000000008a000000, 0x000000008a100000|  0%| F|  |TAMS 0x000000008a000000, 0x000000008a000000| Untracked 
| 145|0x000000008a100000, 0x000000008a100000, 0x000000008a200000|  0%| F|  |TAMS 0x000000008a100000, 0x000000008a100000| Untracked 
| 146|0x000000008a200000, 0x000000008a200000, 0x000000008a300000|  0%| F|  |TAMS 0x000000008a200000, 0x000000008a200000| Untracked 
| 147|0x000000008a300000, 0x000000008a300000, 0x000000008a400000|  0%| F|  |TAMS 0x000000008a300000, 0x000000008a300000| Untracked 
| 148|0x000000008a400000, 0x000000008a400000, 0x000000008a500000|  0%| F|  |TAMS 0x000000008a400000, 0x000000008a400000| Untracked 
| 149|0x000000008a500000, 0x000000008a500000, 0x000000008a600000|  0%| F|  |TAMS 0x000000008a500000, 0x000000008a500000| Untracked 
| 150|0x000000008a600000, 0x000000008a600000, 0x000000008a700000|  0%| F|  |TAMS 0x000000008a600000, 0x000000008a600000| Untracked 
| 151|0x000000008a700000, 0x000000008a700000, 0x000000008a800000|  0%| F|  |TAMS 0x000000008a700000, 0x000000008a700000| Untracked 
| 152|0x000000008a800000, 0x000000008a800000, 0x000000008a900000|  0%| F|  |TAMS 0x000000008a800000, 0x000000008a800000| Untracked 
| 153|0x000000008a900000, 0x000000008a900000, 0x000000008aa00000|  0%| F|  |TAMS 0x000000008a900000, 0x000000008a900000| Untracked 
| 154|0x000000008aa00000, 0x000000008aa00000, 0x000000008ab00000|  0%| F|  |TAMS 0x000000008aa00000, 0x000000008aa00000| Untracked 
| 155|0x000000008ab00000, 0x000000008ab00000, 0x000000008ac00000|  0%| F|  |TAMS 0x000000008ab00000, 0x000000008ab00000| Untracked 
| 156|0x000000008ac00000, 0x000000008ac00000, 0x000000008ad00000|  0%| F|  |TAMS 0x000000008ac00000, 0x000000008ac00000| Untracked 
| 157|0x000000008ad00000, 0x000000008ad00000, 0x000000008ae00000|  0%| F|  |TAMS 0x000000008ad00000, 0x000000008ad00000| Untracked 
| 158|0x000000008ae00000, 0x000000008ae00000, 0x000000008af00000|  0%| F|  |TAMS 0x000000008ae00000, 0x000000008ae00000| Untracked 
| 159|0x000000008af00000, 0x000000008af00000, 0x000000008b000000|  0%| F|  |TAMS 0x000000008af00000, 0x000000008af00000| Untracked 
| 160|0x000000008b000000, 0x000000008b000000, 0x000000008b100000|  0%| F|  |TAMS 0x000000008b000000, 0x000000008b000000| Untracked 
| 161|0x000000008b100000, 0x000000008b100000, 0x000000008b200000|  0%| F|  |TAMS 0x000000008b100000, 0x000000008b100000| Untracked 
| 162|0x000000008b200000, 0x000000008b200000, 0x000000008b300000|  0%| F|  |TAMS 0x000000008b200000, 0x000000008b200000| Untracked 
| 163|0x000000008b300000, 0x000000008b300000, 0x000000008b400000|  0%| F|  |TAMS 0x000000008b300000, 0x000000008b300000| Untracked 
| 164|0x000000008b400000, 0x000000008b400000, 0x000000008b500000|  0%| F|  |TAMS 0x000000008b400000, 0x000000008b400000| Untracked 
| 165|0x000000008b500000, 0x000000008b500000, 0x000000008b600000|  0%| F|  |TAMS 0x000000008b500000, 0x000000008b500000| Untracked 
| 166|0x000000008b600000, 0x000000008b600000, 0x000000008b700000|  0%| F|  |TAMS 0x000000008b600000, 0x000000008b600000| Untracked 
| 167|0x000000008b700000, 0x000000008b700000, 0x000000008b800000|  0%| F|  |TAMS 0x000000008b700000, 0x000000008b700000| Untracked 
| 168|0x000000008b800000, 0x000000008b800000, 0x000000008b900000|  0%| F|  |TAMS 0x000000008b800000, 0x000000008b800000| Untracked 
| 169|0x000000008b900000, 0x000000008b900000, 0x000000008ba00000|  0%| F|  |TAMS 0x000000008b900000, 0x000000008b900000| Untracked 
| 170|0x000000008ba00000, 0x000000008ba00000, 0x000000008bb00000|  0%| F|  |TAMS 0x000000008ba00000, 0x000000008ba00000| Untracked 
| 171|0x000000008bb00000, 0x000000008bb00000, 0x000000008bc00000|  0%| F|  |TAMS 0x000000008bb00000, 0x000000008bb00000| Untracked 
| 172|0x000000008bc00000, 0x000000008bc00000, 0x000000008bd00000|  0%| F|  |TAMS 0x000000008bc00000, 0x000000008bc00000| Untracked 
| 173|0x000000008bd00000, 0x000000008bd00000, 0x000000008be00000|  0%| F|  |TAMS 0x000000008bd00000, 0x000000008bd00000| Untracked 
| 174|0x000000008be00000, 0x000000008be00000, 0x000000008bf00000|  0%| F|  |TAMS 0x000000008be00000, 0x000000008be00000| Untracked 
| 175|0x000000008bf00000, 0x000000008bf00000, 0x000000008c000000|  0%| F|  |TAMS 0x000000008bf00000, 0x000000008bf00000| Untracked 
| 176|0x000000008c000000, 0x000000008c000000, 0x000000008c100000|  0%| F|  |TAMS 0x000000008c000000, 0x000000008c000000| Untracked 
| 177|0x000000008c100000, 0x000000008c100000, 0x000000008c200000|  0%| F|  |TAMS 0x000000008c100000, 0x000000008c100000| Untracked 
| 178|0x000000008c200000, 0x000000008c300000, 0x000000008c300000|100%| E|  |TAMS 0x000000008c200000, 0x000000008c200000| Complete 
| 179|0x000000008c300000, 0x000000008c400000, 0x000000008c400000|100%| E|CS|TAMS 0x000000008c300000, 0x000000008c300000| Complete 
| 180|0x000000008c400000, 0x000000008c500000, 0x000000008c500000|100%| E|CS|TAMS 0x000000008c400000, 0x000000008c400000| Complete 
| 181|0x000000008c500000, 0x000000008c600000, 0x000000008c600000|100%| E|CS|TAMS 0x000000008c500000, 0x000000008c500000| Complete 
| 182|0x000000008c600000, 0x000000008c700000, 0x000000008c700000|100%| E|CS|TAMS 0x000000008c600000, 0x000000008c600000| Complete 
| 183|0x000000008c700000, 0x000000008c800000, 0x000000008c800000|100%| E|CS|TAMS 0x000000008c700000, 0x000000008c700000| Complete 
| 184|0x000000008c800000, 0x000000008c900000, 0x000000008c900000|100%| E|CS|TAMS 0x000000008c800000, 0x000000008c800000| Complete 

Card table byte_map: [0x00000248ffa40000,0x00000248ffe40000] _byte_map_base: 0x00000248ff638000

Marking Bits (Prev, Next): (CMBitMap*) 0x00000248f5277948, (CMBitMap*) 0x00000248f5277980
 Prev Bits: [0x000002488f400000, 0x00000248913c0000)
 Next Bits: [0x00000248913c0000, 0x0000024893380000)

Polling page: 0x00000248f50d0000

Metaspace:

Usage:
  Non-class:     56.24 MB capacity,    54.92 MB ( 98%) used,     1.08 MB (  2%) free+waste,   242.88 KB ( <1%) overhead. 
      Class:      9.25 MB capacity,     8.46 MB ( 91%) used,   686.30 KB (  7%) free+waste,   119.06 KB (  1%) overhead. 
       Both:     65.49 MB capacity,    63.38 MB ( 97%) used,     1.75 MB (  3%) free+waste,   361.94 KB ( <1%) overhead. 

Virtual space:
  Non-class space:       58.00 MB reserved,      56.33 MB ( 97%) committed 
      Class space:        1.00 GB reserved,       9.32 MB ( <1%) committed 
             Both:        1.06 GB reserved,      65.65 MB (  6%) committed 

Chunk freelists:
   Non-Class:  3.00 KB
       Class:  640 bytes
        Both:  3.63 KB

CodeHeap 'non-profiled nmethods': size=238912Kb used=10219Kb max_used=10219Kb free=228693Kb
 bounds [0x00000248806b0000, 0x00000248810b0000, 0x000002488f000000]
CodeHeap 'non-nmethods': size=6848Kb used=1264Kb max_used=1264Kb free=5583Kb
 bounds [0x0000024880000000, 0x0000024880270000, 0x00000248806b0000]
 total_blobs=7047 nmethods=6394 adapters=562
 compilation: enabled
              stopped_count=0, restarted_count=0
 full_count=0

Compilation events (10 events):
Event: 5.095 Thread 0x0000024895acb000 6390       1       org.springframework.beans.propertyeditors.InputStreamEditor::<init> (16 bytes)
Event: 5.095 Thread 0x0000024895acb000 nmethod 6390 0x00000248810a9510 code [0x00000248810a96c0, 0x00000248810a9950]
Event: 5.095 Thread 0x0000024895acb000 6391       1       org.springframework.beans.propertyeditors.InputSourceEditor::<init> (16 bytes)
Event: 5.095 Thread 0x0000024895acb000 nmethod 6391 0x00000248810a9a10 code [0x00000248810a9bc0, 0x00000248810a9e50]
Event: 5.136 Thread 0x0000024895acb000 6392       1       org.springframework.aop.support.annotation.AnnotationClassFilter::matches (27 bytes)
Event: 5.137 Thread 0x0000024895acb000 nmethod 6392 0x00000248810a9f10 code [0x00000248810aa0e0, 0x00000248810aa3c0]
Event: 5.137 Thread 0x0000024895acb000 6393       1       org.springframework.beans.MutablePropertyValues::isEmpty (10 bytes)
Event: 5.137 Thread 0x0000024895acb000 nmethod 6393 0x00000248810aa590 code [0x00000248810aa740, 0x00000248810aa890]
Event: 5.150 Thread 0x0000024895acb000 6394       1       org.springframework.aop.support.annotation.AnnotationMatchingPointcut::getClassFilter (5 bytes)
Event: 5.150 Thread 0x0000024895acb000 nmethod 6394 0x00000248810aa910 code [0x00000248810aaaa0, 0x00000248810aabb8]

GC Heap History (10 events):
Event: 2.802 GC heap before
{Heap before GC invocations=8 (full 0):
 garbage-first heap   total 131072K, used 86269K [0x0000000081000000, 0x0000000100000000)
  region size 1024K, 76 young (77824K), 7 survivors (7168K)
 Metaspace       used 38312K, capacity 39697K, committed 39964K, reserved 1083392K
  class space    used 4928K, capacity 5464K, committed 5580K, reserved 1048576K
}
Event: 2.807 GC heap after
{Heap after GC invocations=9 (full 0):
 garbage-first heap   total 157696K, used 18782K [0x0000000081000000, 0x0000000100000000)
  region size 1024K, 7 young (7168K), 7 survivors (7168K)
 Metaspace       used 38312K, capacity 39697K, committed 39964K, reserved 1083392K
  class space    used 4928K, capacity 5464K, committed 5580K, reserved 1048576K
}
Event: 3.208 GC heap before
{Heap before GC invocations=10 (full 0):
 garbage-first heap   total 157696K, used 104798K [0x0000000081000000, 0x0000000100000000)
  region size 1024K, 92 young (94208K), 7 survivors (7168K)
 Metaspace       used 45214K, capacity 46740K, committed 46876K, reserved 1089536K
  class space    used 5723K, capacity 6319K, committed 6348K, reserved 1048576K
}
Event: 3.212 GC heap after
{Heap after GC invocations=11 (full 0):
 garbage-first heap   total 157696K, used 21660K [0x0000000081000000, 0x0000000100000000)
  region size 1024K, 9 young (9216K), 9 survivors (9216K)
 Metaspace       used 45214K, capacity 46740K, committed 46876K, reserved 1089536K
  class space    used 5723K, capacity 6319K, committed 6348K, reserved 1048576K
}
Event: 3.979 GC heap before
{Heap before GC invocations=11 (full 0):
 garbage-first heap   total 157696K, used 105628K [0x0000000081000000, 0x0000000100000000)
  region size 1024K, 92 young (94208K), 9 survivors (9216K)
 Metaspace       used 54610K, capacity 56275K, committed 56476K, reserved 1097728K
  class space    used 7105K, capacity 7736K, committed 7756K, reserved 1048576K
}
Event: 3.985 GC heap after
{Heap after GC invocations=12 (full 0):
 garbage-first heap   total 157696K, used 25469K [0x0000000081000000, 0x0000000100000000)
  region size 1024K, 9 young (9216K), 9 survivors (9216K)
 Metaspace       used 54610K, capacity 56275K, committed 56476K, reserved 1097728K
  class space    used 7105K, capacity 7736K, committed 7756K, reserved 1048576K
}
Event: 4.688 GC heap before
{Heap before GC invocations=12 (full 0):
 garbage-first heap   total 157696K, used 110461K [0x0000000081000000, 0x0000000100000000)
  region size 1024K, 92 young (94208K), 9 survivors (9216K)
 Metaspace       used 63043K, capacity 65025K, committed 65308K, reserved 1105920K
  class space    used 8355K, capacity 9113K, committed 9164K, reserved 1048576K
}
Event: 4.696 GC heap after
{Heap after GC invocations=13 (full 0):
 garbage-first heap   total 157696K, used 28417K [0x0000000081000000, 0x0000000100000000)
  region size 1024K, 7 young (7168K), 7 survivors (7168K)
 Metaspace       used 63043K, capacity 65025K, committed 65308K, reserved 1105920K
  class space    used 8355K, capacity 9113K, committed 9164K, reserved 1048576K
}
Event: 5.061 GC heap before
{Heap before GC invocations=13 (full 0):
 garbage-first heap   total 157696K, used 109313K [0x0000000081000000, 0x0000000100000000)
  region size 1024K, 87 young (89088K), 7 survivors (7168K)
 Metaspace       used 64340K, capacity 66478K, committed 66588K, reserved 1105920K
  class space    used 8546K, capacity 9357K, committed 9420K, reserved 1048576K
}
Event: 5.067 GC heap after
{Heap after GC invocations=14 (full 0):
 garbage-first heap   total 189440K, used 30696K [0x0000000081000000, 0x0000000100000000)
  region size 1024K, 9 young (9216K), 9 survivors (9216K)
 Metaspace       used 64340K, capacity 66478K, committed 66588K, reserved 1105920K
  class space    used 8546K, capacity 9357K, committed 9420K, reserved 1048576K
}

Deoptimization events (0 events):
No events

Classes redefined (0 events):
No events

Internal exceptions (10 events):
Event: 5.014 Thread 0x00000248978b3800 Exception <a 'java/lang/ClassNotFoundException'{0x00000000865bad50}: com/uas/api/models/entities/OrdersCustomizer> (0x00000000865bad50) thrown at [./open/src/hotspot/share/classfile/systemDictionary.cpp, line 228]
Event: 5.024 Thread 0x0000024897c53000 Exception <a 'java/lang/reflect/InvocationTargetException'{0x0000000086109610}> (0x0000000086109610) thrown at [./open/src/hotspot/share/runtime/reflection.cpp, line 1242]
Event: 5.031 Thread 0x00000248978b3800 Exception <a 'java/lang/ClassNotFoundException'{0x0000000086080530}: java/lang/ObjectCustomizer> (0x0000000086080530) thrown at [./open/src/hotspot/share/classfile/systemDictionary.cpp, line 228]
Event: 5.032 Thread 0x00000248978b3800 Exception <a 'java/lang/ClassNotFoundException'{0x000000008609da50}: com/uas/api/models/entities/StockToOrdersCustomizer> (0x000000008609da50) thrown at [./open/src/hotspot/share/classfile/systemDictionary.cpp, line 228]
Event: 5.055 Thread 0x00000248978b3800 Exception <a 'java/lang/ClassNotFoundException'{0x0000000085a09bd0}: java/lang/ObjectCustomizer> (0x0000000085a09bd0) thrown at [./open/src/hotspot/share/classfile/systemDictionary.cpp, line 228]
Event: 5.056 Thread 0x00000248978b3800 Exception <a 'java/lang/ClassNotFoundException'{0x0000000085a2d928}: org/springframework/security/config/annotation/web/configuration/WebSecurityConfigurationCustomizer> (0x0000000085a2d928) thrown at [./open/src/hotspot/share/classfile/systemDictionary.c
Event: 5.056 Thread 0x00000248978b3800 Exception <a 'java/lang/ClassNotFoundException'{0x0000000085a51698}: org/springframework/context/annotation/ImportAwareCustomizer> (0x0000000085a51698) thrown at [./open/src/hotspot/share/classfile/systemDictionary.cpp, line 228]
Event: 5.057 Thread 0x00000248978b3800 Exception <a 'java/lang/ClassNotFoundException'{0x0000000085a69460}: org/springframework/beans/factory/AwareCustomizer> (0x0000000085a69460) thrown at [./open/src/hotspot/share/classfile/systemDictionary.cpp, line 228]
Event: 5.057 Thread 0x00000248978b3800 Exception <a 'java/lang/ClassNotFoundException'{0x0000000085a834d8}: org/springframework/beans/factory/BeanClassLoaderAwareCustomizer> (0x0000000085a834d8) thrown at [./open/src/hotspot/share/classfile/systemDictionary.cpp, line 228]
Event: 5.057 Thread 0x00000248978b3800 Exception <a 'java/lang/ClassNotFoundException'{0x0000000085a9b2b0}: org/springframework/beans/factory/AwareCustomizer> (0x0000000085a9b2b0) thrown at [./open/src/hotspot/share/classfile/systemDictionary.cpp, line 228]

Events (10 events):
Event: 5.146 loading class org/springframework/security/web/PortMapper
Event: 5.146 loading class org/springframework/security/web/PortMapper done
Event: 5.147 loading class org/springframework/security/access/AccessDeniedException
Event: 5.147 loading class org/springframework/security/access/AccessDeniedException done
Event: 5.150 loading class org/springframework/security/web/authentication/SimpleUrlAuthenticationFailureHandler
Event: 5.150 loading class org/springframework/security/web/authentication/SimpleUrlAuthenticationFailureHandler done
Event: 5.151 loading class org/springframework/security/web/authentication/AuthenticationFailureHandler
Event: 5.151 loading class org/springframework/security/web/authentication/AuthenticationFailureHandler done
Event: 5.151 loading class org/springframework/security/web/DefaultRedirectStrategy
Event: 5.151 loading class org/springframework/security/web/DefaultRedirectStrategy done


Dynamic libraries:
0x00007ff6f8de0000 - 0x00007ff6f8e27000 	C:\Program Files\Java\jdk-11.0.7\bin\java.exe
0x00007ffa6fbf0000 - 0x00007ffa6fde5000 	C:\WINDOWS\SYSTEM32\ntdll.dll
0x00007ffa6faf0000 - 0x00007ffa6fbae000 	C:\WINDOWS\System32\KERNEL32.DLL
0x00007ffa6d310000 - 0x00007ffa6d5d8000 	C:\WINDOWS\System32\KERNELBASE.dll
0x00007ffa6e550000 - 0x00007ffa6e5fe000 	C:\WINDOWS\System32\ADVAPI32.dll
0x00007ffa6e3b0000 - 0x00007ffa6e44e000 	C:\WINDOWS\System32\msvcrt.dll
0x00007ffa6e7b0000 - 0x00007ffa6e84c000 	C:\WINDOWS\System32\sechost.dll
0x00007ffa6f9c0000 - 0x00007ffa6fae5000 	C:\WINDOWS\System32\RPCRT4.dll
0x00007ffa6e9a0000 - 0x00007ffa6eb40000 	C:\WINDOWS\System32\USER32.dll
0x00007ffa6daf0000 - 0x00007ffa6db12000 	C:\WINDOWS\System32\win32u.dll
0x00007ffa6f160000 - 0x00007ffa6f18b000 	C:\WINDOWS\System32\GDI32.dll
0x00007ffa6d5e0000 - 0x00007ffa6d6eb000 	C:\WINDOWS\System32\gdi32full.dll
0x00007ffa6d950000 - 0x00007ffa6d9ed000 	C:\WINDOWS\System32\msvcp_win.dll
0x00007ffa6d6f0000 - 0x00007ffa6d7f0000 	C:\WINDOWS\System32\ucrtbase.dll
0x00007ffa5d2c0000 - 0x00007ffa5d55a000 	C:\WINDOWS\WinSxS\amd64_microsoft.windows.common-controls_6595b64144ccf1df_6.0.19041.1110_none_60b5254171f9507e\COMCTL32.dll
0x00007ffa67c70000 - 0x00007ffa67c7a000 	C:\WINDOWS\SYSTEM32\VERSION.dll
0x00007ffa6e780000 - 0x00007ffa6e7b0000 	C:\WINDOWS\System32\IMM32.DLL
0x00007ffa68e60000 - 0x00007ffa68e76000 	C:\Program Files\Java\jdk-11.0.7\bin\vcruntime140.dll
0x00007ffa508a0000 - 0x00007ffa5094a000 	C:\Program Files\Java\jdk-11.0.7\bin\msvcp140.dll
0x00007ffa148d0000 - 0x00007ffa15431000 	C:\Program Files\Java\jdk-11.0.7\bin\server\jvm.dll
0x00007ffa6f190000 - 0x00007ffa6f198000 	C:\WINDOWS\System32\PSAPI.DLL
0x00007ffa41b30000 - 0x00007ffa41b39000 	C:\WINDOWS\SYSTEM32\WSOCK32.dll
0x00007ffa5d560000 - 0x00007ffa5d587000 	C:\WINDOWS\SYSTEM32\WINMM.dll
0x00007ffa6f0f0000 - 0x00007ffa6f15b000 	C:\WINDOWS\System32\WS2_32.dll
0x00007ffa6b240000 - 0x00007ffa6b252000 	C:\WINDOWS\SYSTEM32\kernel.appcore.dll
0x00007ffa68900000 - 0x00007ffa68911000 	C:\Program Files\Java\jdk-11.0.7\bin\verify.dll
0x00007ffa54b60000 - 0x00007ffa54d44000 	C:\WINDOWS\SYSTEM32\DBGHELP.DLL
0x00007ffa54b30000 - 0x00007ffa54b5c000 	C:\WINDOWS\SYSTEM32\dbgcore.DLL
0x00007ffa6da60000 - 0x00007ffa6dae2000 	C:\WINDOWS\System32\bcryptPrimitives.dll
0x00007ffa51250000 - 0x00007ffa51279000 	C:\Program Files\Java\jdk-11.0.7\bin\java.dll
0x00007ffa68f90000 - 0x00007ffa68f9a000 	C:\Program Files\Java\jdk-11.0.7\bin\jimage.dll
0x00007ffa50540000 - 0x00007ffa50570000 	C:\Program Files\Java\jdk-11.0.7\bin\instrument.dll
0x00007ffa50520000 - 0x00007ffa50536000 	C:\Program Files\Java\jdk-11.0.7\bin\zip.dll
0x00007ffa6dc60000 - 0x00007ffa6e3a4000 	C:\WINDOWS\System32\SHELL32.dll
0x00007ffa6b440000 - 0x00007ffa6bbd4000 	C:\WINDOWS\SYSTEM32\windows.storage.dll
0x00007ffa6ebb0000 - 0x00007ffa6ef04000 	C:\WINDOWS\System32\combase.dll
0x00007ffa6cd70000 - 0x00007ffa6cd9c000 	C:\WINDOWS\SYSTEM32\Wldp.dll
0x00007ffa6ef10000 - 0x00007ffa6efbd000 	C:\WINDOWS\System32\SHCORE.dll
0x00007ffa6e850000 - 0x00007ffa6e8a5000 	C:\WINDOWS\System32\shlwapi.dll
0x00007ffa6d250000 - 0x00007ffa6d26f000 	C:\WINDOWS\SYSTEM32\profapi.dll
0x00007ffa50210000 - 0x00007ffa50229000 	C:\Program Files\Java\jdk-11.0.7\bin\net.dll
0x00007ffa625a0000 - 0x00007ffa626a9000 	C:\WINDOWS\SYSTEM32\WINHTTP.dll
0x00007ffa6cad0000 - 0x00007ffa6cb3a000 	C:\WINDOWS\system32\mswsock.dll
0x00007ffa479e0000 - 0x00007ffa479f3000 	C:\Program Files\Java\jdk-11.0.7\bin\nio.dll
0x00007ffa46d10000 - 0x00007ffa46d2a000 	C:\Program Files\JetBrains\IntelliJ IDEA 2021.1.2\bin\breakgen64.dll
0x00007ffa6c7b0000 - 0x00007ffa6c87a000 	C:\WINDOWS\SYSTEM32\DNSAPI.dll
0x00007ffa6c770000 - 0x00007ffa6c7ab000 	C:\WINDOWS\SYSTEM32\IPHLPAPI.DLL
0x00007ffa6eba0000 - 0x00007ffa6eba8000 	C:\WINDOWS\System32\NSI.dll
0x00007ffa60df0000 - 0x00007ffa60dfa000 	C:\Windows\System32\rasadhlp.dll
0x00007ffa626b0000 - 0x00007ffa6272f000 	C:\WINDOWS\System32\fwpuclnt.dll
0x00007ffa6db70000 - 0x00007ffa6db97000 	C:\WINDOWS\System32\bcrypt.dll
0x00007ffa51240000 - 0x00007ffa51249000 	C:\Program Files\Java\jdk-11.0.7\bin\management.dll
0x00007ffa50850000 - 0x00007ffa5085c000 	C:\Program Files\Java\jdk-11.0.7\bin\management_ext.dll
0x00007ffa6ccc0000 - 0x00007ffa6ccd8000 	C:\WINDOWS\SYSTEM32\CRYPTSP.dll
0x00007ffa6c3e0000 - 0x00007ffa6c414000 	C:\WINDOWS\system32\rsaenh.dll
0x00007ffa6d1d0000 - 0x00007ffa6d1fe000 	C:\WINDOWS\SYSTEM32\USERENV.dll
0x00007ffa6cce0000 - 0x00007ffa6ccec000 	C:\WINDOWS\SYSTEM32\CRYPTBASE.dll
0x00007ffa62570000 - 0x00007ffa62587000 	C:\WINDOWS\SYSTEM32\dhcpcsvc6.DLL
0x00007ffa64570000 - 0x00007ffa6458d000 	C:\WINDOWS\SYSTEM32\dhcpcsvc.DLL
0x00007ffa4fe50000 - 0x00007ffa4fe67000 	C:\WINDOWS\system32\napinsp.dll
0x00007ffa4fcf0000 - 0x00007ffa4fd0b000 	C:\WINDOWS\system32\pnrpnsp.dll
0x00007ffa4fc90000 - 0x00007ffa4fca5000 	C:\WINDOWS\system32\wshbth.dll
0x00007ffa68d20000 - 0x00007ffa68d3d000 	C:\WINDOWS\system32\NLAapi.dll
0x00007ffa4fb50000 - 0x00007ffa4fb62000 	C:\WINDOWS\System32\winrnr.dll
0x00007ffa44070000 - 0x00007ffa44096000 	C:\Program Files\Java\jdk-11.0.7\bin\sunec.dll
0x00007ffa502c0000 - 0x00007ffa502ce000 	C:\Program Files\Java\jdk-11.0.7\bin\sunmscapi.dll
0x00007ffa6d7f0000 - 0x00007ffa6d946000 	C:\WINDOWS\System32\CRYPT32.dll
0x00007ffa6cde0000 - 0x00007ffa6ce07000 	C:\WINDOWS\SYSTEM32\ncrypt.dll
0x00007ffa6cda0000 - 0x00007ffa6cddb000 	C:\WINDOWS\SYSTEM32\NTASN1.dll
0x00007ffa4fb20000 - 0x00007ffa4fb2f000 	C:\Users\Joe Bailey\Desktop\visualvm_212\visualvm\lib\deployed\jdk16\windows-amd64\profilerinterface.dll

dbghelp: loaded successfully - version: 4.0.5 - missing functions: none
symbol engine: initialized successfully - sym options: 0x614 - pdb path: .;C:\Program Files\Java\jdk-11.0.7\bin;C:\WINDOWS\SYSTEM32;C:\WINDOWS\WinSxS\amd64_microsoft.windows.common-controls_6595b64144ccf1df_6.0.19041.1110_none_60b5254171f9507e;C:\Program Files\Java\jdk-11.0.7\bin\server;C:\Program Files\JetBrains\IntelliJ IDEA 2021.1.2\bin;C:\Users\Joe Bailey\Desktop\visualvm_212\visualvm\lib\deployed\jdk16\windows-amd64

VM Arguments:
jvm_args: -XX:TieredStopAtLevel=1 -Xverify:none -Dspring.output.ansi.enabled=always -javaagent:C:\Program Files\JetBrains\IntelliJ IDEA 2021.1.2\lib\idea_rt.jar=56619:C:\Program Files\JetBrains\IntelliJ IDEA 2021.1.2\bin -Dcom.sun.management.jmxremote -Dspring.jmx.enabled=true -Dspring.liveBeansView.mbeanDomain -Dspring.application.admin.enabled=true -Dfile.encoding=UTF-8 
java_command: com.uas.api.ApiApplication
java_class_path (initial): D:\UpdatedPerformanceTesting\uas-lifecycle-management\api\build\classes\java\main;D:\UpdatedPerformanceTesting\uas-lifecycle-management\api\build\resources\main;C:\Users\Joe Bailey\.gradle\caches\modules-2\files-2.1\org.projectlombok\lombok\1.18.22\9c08ea24c6eb714e2d6170e8122c069a0ba9aacf\lombok-1.18.22.jar;C:\Users\Joe Bailey\.gradle\caches\modules-2\files-2.1\org.springframework.boot\spring-boot-starter-data-jpa\2.6.3\74c60a724e4f81c7527b848ee24e91ba6facfe24\spring-boot-starter-data-jpa-2.6.3.jar;C:\Users\Joe Bailey\.gradle\caches\modules-2\files-2.1\org.springframework.boot\spring-boot-starter-web\2.6.3\ceb6e909c144daf9e792069f5f0efd105c8712a\spring-boot-starter-web-2.6.3.jar;C:\Users\Joe Bailey\.gradle\caches\modules-2\files-2.1\org.springframework.boot\spring-boot-starter-validation\2.6.3\d4278bbf48292633d1c005ff3e0b997e8dbab805\spring-boot-starter-validation-2.6.3.jar;C:\Users\Joe Bailey\.gradle\caches\modules-2\files-2.1\org.springframework.boot\spring-boot-starter-security\2.6.3\c48cabd79ac51f3decb8e89cb492e5962a186aa4\spring-boot-starter-security-2.6.3.jar;C:\Users\Joe Bailey\.gradle\caches\modules-2\files-2.1\org.springframework.security\spring-security-test\5.6.1\52fee2290abfb1b09aa7290d769270f0dc7e32c4\spring-security-test-5.6.1.jar;C:\Users\Joe Bailey\.gradle\caches\modules-2\files-2.1\io.jsonwebtoken\jjwt\0.9.1\54d2abfc3e63a28824d35bf600d6a5d627da681a\jjwt-0.9.1.jar;C:\Users\Joe Bailey\.gradle\caches\modules-2\files-2.1\com.google.code.gson\gson\2.8.6\9180733b7df8542621dc12e21e87557e8c99b8cb\gson-2.8.6.jar;C:\Users\Joe Bailey\.gradle\caches\modules-2\files-2.1\com.itextpdf\itextpdf\5.5.13.3\5282897d446c3b736d63ef6e83043eb6f1943b4e\itextpdf-5.5.13.3.jar;C:\Users\Joe Bailey\.gradle\caches\modules-2\files-2.1\com.sun.mail\javax.mail\1.6.2\935151eb71beff17a2ffac15dd80184a99a0514f\javax.mail-1.6.2.jar;C:\Users\Joe Bailey\.gradle\caches\modules-2\files-2.1\com.structurizr\structurizr-client\1.10.0\c43ce9fef41b5b9de38dce2d58bd60b3
Launcher Type: SUN_STANDARD

[Global flags]
     bool BytecodeVerificationLocal                = false                                     {product} {command line}
     bool BytecodeVerificationRemote               = false                                     {product} {command line}
     intx CICompilerCount                          = 3                                         {product} {ergonomic}
     uint ConcGCThreads                            = 2                                         {product} {ergonomic}
     uint G1ConcRefinementThreads                  = 6                                         {product} {ergonomic}
   size_t G1HeapRegionSize                         = 1048576                                   {product} {ergonomic}
    uintx GCDrainStackTargetSize                   = 64                                        {product} {ergonomic}
   size_t InitialHeapSize                          = 134217728                                 {product} {ergonomic}
     bool ManagementServer                         = true                                      {product} {command line}
   size_t MarkStackSize                            = 4194304                                   {product} {ergonomic}
   size_t MaxHeapSize                              = 2130706432                                {product} {ergonomic}
   size_t MaxNewSize                               = 1278214144                                {product} {ergonomic}
   size_t MinHeapDeltaBytes                        = 1048576                                   {product} {ergonomic}
    uintx NonNMethodCodeHeapSize                   = 6973028                                {pd product} {ergonomic}
    uintx NonProfiledCodeHeapSize                  = 244685212                              {pd product} {ergonomic}
    uintx ProfiledCodeHeapSize                     = 0                                      {pd product} {ergonomic}
    uintx ReservedCodeCacheSize                    = 251658240                              {pd product} {ergonomic}
     bool SegmentedCodeCache                       = true                                      {product} {ergonomic}
     intx TieredStopAtLevel                        = 1                                         {product} {command line}
     bool UseCompressedClassPointers               = true                                 {lp64_product} {ergonomic}
     bool UseCompressedOops                        = true                                 {lp64_product} {ergonomic}
     bool UseG1GC                                  = true                                      {product} {ergonomic}
     bool UseLargePagesIndividualAllocation        = false                                  {pd product} {ergonomic}

Logging:
Log output configuration:
 #0: stdout all=warning uptime,level,tags
 #1: stderr all=off uptime,level,tags

Environment Variables:
JAVA_HOME=C:\Program Files\Java\jdk-11.0.5
PATH=C:\Program Files\Java\jdk-11.0.5\bin;C:\Program Files\Common Files\Oracle\Java\javapath;C:\WINDOWS\system32;C:\WINDOWS;C:\WINDOWS\System32\Wbem;C:\WINDOWS\System32\WindowsPowerShell\v1.0\;C:\WINDOWS\System32\OpenSSH\;C:\Gradle\gradle-6.4.1\bin;C:\WINDOWS\system32;C:\WINDOWS;C:\WINDOWS\System32\Wbem;C:\WINDOWS\System32\WindowsPowerShell\v1.0\;C:\WINDOWS\System32\OpenSSH\;C:\Program Files\Git\cmd;C:\HashiCorp\Vagrant\bin;C:\Gradle\gradle-6.4.1\bin;C:\Program Files\NVIDIA Corporation\NVIDIA NvDLISR;C:\Program Files (x86)\NVIDIA Corporation\PhysX\Common;C:\Gradle\gradle-2.14-rc-6\bin;C:\Program Files\MySQL\MySQL Server 5.7\bin;C:\Program Files\nodejs\;C:\Users\Joe Bailey\AppData\Local\Programs\Python\Python39\Scripts\;C:\Users\Joe Bailey\AppData\Local\Programs\Python\Python39\;C:\Program Files\MySQL\MySQL Shell 8.0\bin\;C:\Users\Joe Bailey\AppData\Local\Microsoft\WindowsApps;C:\Users\Joe Bailey\AppData\Local\atom\bin;C:\Program Files\JetBrains\IntelliJ IDEA 2020.3.2\bin;;C:\Users\Joe Bailey\AppData\Local\Microsoft\WindowsApps;C:\Users\Joe Bailey\Documents\Tools\apache-maven-3.6.3\bin;C:\Program Files (x86)\Nmap;C:\Program Files\Java\jdk-11.0.12\bin;C:\Users\Joe Bailey\development\flutter\bin;;C:\Users\Joe Bailey\AppData\Local\Programs\Microsoft VS Code\bin;C:\Users\Joe Bailey\AppData\Roaming\npm
USERNAME=Joe Bailey
OS=Windows_NT
PROCESSOR_IDENTIFIER=Intel64 Family 6 Model 158 Stepping 10, GenuineIntel



---------------  S Y S T E M  ---------------

OS: Windows 10 , 64 bit Build 19041 (10.0.19041.1566)

CPU:total 6 (initial active 6) (6 cores per cpu, 1 threads per core) family 6 model 158 stepping 10, cmov, cx8, fxsr, mmx, sse, sse2, sse3, ssse3, sse4.1, sse4.2, popcnt, avx, avx2, aes, clmul, erms, 3dnowpref, lzcnt, tsc, tscinvbit, bmi1, bmi2, adx, fma

Memory: 4k page, system-wide physical 8127M (2121M free)
TotalPageFile size 19391M (AvailPageFile size 7689M)
current process WorkingSet (physical memory assigned to process): 276M, peak: 276M
current process commit charge ("private bytes"): 365M, peak: 365M

vm_info: Java HotSpot(TM) 64-Bit Server VM (11.0.7+8-LTS) for windows-amd64 JRE (11.0.7+8-LTS), built on Mar 12 2020 02:04:32 by "mach5one" with MS VC++ 15.5 (VS2017)

END.
